生成启动时间为 2014/8/2 10:55:41。
     1>项目“F:\proj_vs2010\opencv_sample\Card_Recog\Samples\Samples.vcxproj”在节点 2 上(build 个目标)。
     1>InitializeBuildStatus:
         正在创建“Debug\Samples.unsuccessfulbuild”，因为已指定“AlwaysCreate”。
       ClCompile:
         C:\Program Files (x86)\Microsoft Visual Studio 10.0\VC\bin\CL.exe /c /ZI /nologo /W3 /WX- /Od /Oy- /D WIN32 /D _DEBUG /D _CONSOLE /D _MBCS /Gm /EHsc /RTC1 /MDd /GS /fp:precise /Zc:wchar_t /Zc:forScope /Fo"Debug\\" /Fd"Debug\vc100.pdb" /Gd /TP /analyze- /errorReport:prompt CardRecog.cpp
         CardRecog.cpp
     1>f:\proj_vs2010\opencv_sample\card_recog\samples\cardrecog.cpp(89): warning C4018: “>”: 有符号/无符号不匹配
     1>f:\proj_vs2010\opencv_sample\card_recog\samples\cardrecog.cpp(96): warning C4018: “<”: 有符号/无符号不匹配
       ManifestResourceCompile:
         C:\Program Files (x86)\Microsoft SDKs\Windows\v7.0A\bin\rc.exe /nologo /fo"Debug\Samples.exe.embed.manifest.res" Debug\Samples_manifest.rc 
       Link:
         C:\Program Files (x86)\Microsoft Visual Studio 10.0\VC\bin\link.exe /ERRORREPORT:PROMPT /OUT:"F:\proj_vs2010\opencv_sample\Card_Recog\Debug\Samples.exe" /INCREMENTAL /NOLOGO opencv_core243d.lib opencv_highgui243d.lib opencv_video243d.lib opencv_ml243d.lib opencv_calib3d243d.lib opencv_contrib243d.lib opencv_legacy243d.lib opencv_objdetect243d.lib opencv_features2d243d.lib opencv_flann243d.lib opencv_nonfree243d.lib opencv_imgproc243d.lib opencv_photo243d.lib kernel32.lib user32.lib gdi32.lib winspool.lib comdlg32.lib advapi32.lib shell32.lib ole32.lib oleaut32.lib uuid.lib odbc32.lib odbccp32.lib kernel32.lib user32.lib gdi32.lib winspool.lib comdlg32.lib advapi32.lib shell32.lib ole32.lib oleaut32.lib uuid.lib odbc32.lib odbccp32.lib /MANIFEST /ManifestFile:"Debug\Samples.exe.intermediate.manifest" /MANIFESTUAC:"level='asInvoker' uiAccess='false'" /DEBUG /PDB:"F:\proj_vs2010\opencv_sample\Card_Recog\Debug\Samples.pdb" /SUBSYSTEM:CONSOLE /TLBID:1 /DYNAMICBASE /NXCOMPAT /IMPLIB:"F:\proj_vs2010\opencv_sample\Card_Recog\Debug\Samples.lib" /MACHINE:X86 Debug\Samples.exe.embed.manifest.res
         Debug\CardRecog.obj
       Manifest:
         C:\Program Files (x86)\Microsoft SDKs\Windows\v7.0A\bin\mt.exe /nologo /verbose /out:"Debug\Samples.exe.embed.manifest" /manifest Debug\Samples.exe.intermediate.manifest
         所有输出均为最新。
       LinkEmbedManifest:
         所有输出均为最新。
         Samples.vcxproj -> F:\proj_vs2010\opencv_sample\Card_Recog\Debug\Samples.exe
       FinalizeBuildStatus:
         正在删除文件“Debug\Samples.unsuccessfulbuild”。
         正在对“Debug\Samples.lastbuildstate”执行 Touch 任务。
     1>已完成生成项目“F:\proj_vs2010\opencv_sample\Card_Recog\Samples\Samples.vcxproj”(build 个目标)的操作。

生成成功。

已用时间 00:00:01.67
