F:\PROJ_VS2010\OPENCV_SAMPLE\SAMPLES_\DEBUG\SAMPLES.EXE
F:\PROJ_VS2010\OPENCV_SAMPLE\SAMPLES_\DEBUG\SAMPLES.ILK
F:\PROJ_VS2010\OPENCV_SAMPLE\SAMPLES_\DEBUG\SAMPLES.PDB
F:\PROJ_VS2010\OPENCV_SAMPLE\SAMPLES_\SAMPLES\DEBUG\CARDRECOG.OBJ
F:\proj_vs2010\opencv_sample\Samples_\Samples\Debug\cl.command.1.tlog
F:\proj_vs2010\opencv_sample\Samples_\Samples\Debug\CL.read.1.tlog
F:\proj_vs2010\opencv_sample\Samples_\Samples\Debug\CL.write.1.tlog
F:\proj_vs2010\opencv_sample\Samples_\Samples\Debug\link.10016.read.1.tlog
F:\proj_vs2010\opencv_sample\Samples_\Samples\Debug\link.10016.write.1.tlog
F:\proj_vs2010\opencv_sample\Samples_\Samples\Debug\link.10016-cvtres.read.1.tlog
F:\proj_vs2010\opencv_sample\Samples_\Samples\Debug\link.10016-cvtres.write.1.tlog
F:\proj_vs2010\opencv_sample\Samples_\Samples\Debug\link.10040.read.1.tlog
F:\proj_vs2010\opencv_sample\Samples_\Samples\Debug\link.10040.write.1.tlog
F:\proj_vs2010\opencv_sample\Samples_\Samples\Debug\link.10040-cvtres.read.1.tlog
F:\proj_vs2010\opencv_sample\Samples_\Samples\Debug\link.10040-cvtres.write.1.tlog
F:\proj_vs2010\opencv_sample\Samples_\Samples\Debug\link.10044.read.1.tlog
F:\proj_vs2010\opencv_sample\Samples_\Samples\Debug\link.10044.write.1.tlog
F:\proj_vs2010\opencv_sample\Samples_\Samples\Debug\link.10044-cvtres.read.1.tlog
F:\proj_vs2010\opencv_sample\Samples_\Samples\Debug\link.10044-cvtres.write.1.tlog
F:\proj_vs2010\opencv_sample\Samples_\Samples\Debug\link.1040.read.1.tlog
F:\proj_vs2010\opencv_sample\Samples_\Samples\Debug\link.1040.write.1.tlog
F:\proj_vs2010\opencv_sample\Samples_\Samples\Debug\link.1040-cvtres.read.1.tlog
F:\proj_vs2010\opencv_sample\Samples_\Samples\Debug\link.1040-cvtres.write.1.tlog
F:\proj_vs2010\opencv_sample\Samples_\Samples\Debug\link.11512.read.1.tlog
F:\proj_vs2010\opencv_sample\Samples_\Samples\Debug\link.11512.write.1.tlog
F:\proj_vs2010\opencv_sample\Samples_\Samples\Debug\link.11512-cvtres.read.1.tlog
F:\proj_vs2010\opencv_sample\Samples_\Samples\Debug\link.11512-cvtres.write.1.tlog
F:\proj_vs2010\opencv_sample\Samples_\Samples\Debug\link.1344.read.1.tlog
F:\proj_vs2010\opencv_sample\Samples_\Samples\Debug\link.1344.write.1.tlog
F:\proj_vs2010\opencv_sample\Samples_\Samples\Debug\link.1344-cvtres.read.1.tlog
F:\proj_vs2010\opencv_sample\Samples_\Samples\Debug\link.1344-cvtres.write.1.tlog
F:\proj_vs2010\opencv_sample\Samples_\Samples\Debug\link.1856.read.1.tlog
F:\proj_vs2010\opencv_sample\Samples_\Samples\Debug\link.1856.write.1.tlog
F:\proj_vs2010\opencv_sample\Samples_\Samples\Debug\link.1856-cvtres.read.1.tlog
F:\proj_vs2010\opencv_sample\Samples_\Samples\Debug\link.1856-cvtres.write.1.tlog
F:\proj_vs2010\opencv_sample\Samples_\Samples\Debug\link.2280.read.1.tlog
F:\proj_vs2010\opencv_sample\Samples_\Samples\Debug\link.2280.write.1.tlog
F:\proj_vs2010\opencv_sample\Samples_\Samples\Debug\link.2280-cvtres.read.1.tlog
F:\proj_vs2010\opencv_sample\Samples_\Samples\Debug\link.2280-cvtres.write.1.tlog
F:\proj_vs2010\opencv_sample\Samples_\Samples\Debug\link.2460.read.1.tlog
F:\proj_vs2010\opencv_sample\Samples_\Samples\Debug\link.2460.write.1.tlog
F:\proj_vs2010\opencv_sample\Samples_\Samples\Debug\link.2460-cvtres.read.1.tlog
F:\proj_vs2010\opencv_sample\Samples_\Samples\Debug\link.2460-cvtres.write.1.tlog
F:\proj_vs2010\opencv_sample\Samples_\Samples\Debug\link.2920.read.1.tlog
F:\proj_vs2010\opencv_sample\Samples_\Samples\Debug\link.2920.write.1.tlog
F:\proj_vs2010\opencv_sample\Samples_\Samples\Debug\link.2920-cvtres.read.1.tlog
F:\proj_vs2010\opencv_sample\Samples_\Samples\Debug\link.2920-cvtres.write.1.tlog
F:\proj_vs2010\opencv_sample\Samples_\Samples\Debug\link.4144.read.1.tlog
F:\proj_vs2010\opencv_sample\Samples_\Samples\Debug\link.4144.write.1.tlog
F:\proj_vs2010\opencv_sample\Samples_\Samples\Debug\link.4144-cvtres.read.1.tlog
F:\proj_vs2010\opencv_sample\Samples_\Samples\Debug\link.4144-cvtres.write.1.tlog
F:\proj_vs2010\opencv_sample\Samples_\Samples\Debug\link.4856.read.1.tlog
F:\proj_vs2010\opencv_sample\Samples_\Samples\Debug\link.4856.write.1.tlog
F:\proj_vs2010\opencv_sample\Samples_\Samples\Debug\link.4856-cvtres.read.1.tlog
F:\proj_vs2010\opencv_sample\Samples_\Samples\Debug\link.4856-cvtres.write.1.tlog
F:\proj_vs2010\opencv_sample\Samples_\Samples\Debug\link.5048.read.1.tlog
F:\proj_vs2010\opencv_sample\Samples_\Samples\Debug\link.5048.write.1.tlog
F:\proj_vs2010\opencv_sample\Samples_\Samples\Debug\link.5048-cvtres.read.1.tlog
F:\proj_vs2010\opencv_sample\Samples_\Samples\Debug\link.5048-cvtres.write.1.tlog
F:\proj_vs2010\opencv_sample\Samples_\Samples\Debug\link.5060.read.1.tlog
F:\proj_vs2010\opencv_sample\Samples_\Samples\Debug\link.5060.write.1.tlog
F:\proj_vs2010\opencv_sample\Samples_\Samples\Debug\link.5060-cvtres.read.1.tlog
F:\proj_vs2010\opencv_sample\Samples_\Samples\Debug\link.5060-cvtres.write.1.tlog
F:\proj_vs2010\opencv_sample\Samples_\Samples\Debug\link.5476.read.1.tlog
F:\proj_vs2010\opencv_sample\Samples_\Samples\Debug\link.5476.write.1.tlog
F:\proj_vs2010\opencv_sample\Samples_\Samples\Debug\link.5476-cvtres.read.1.tlog
F:\proj_vs2010\opencv_sample\Samples_\Samples\Debug\link.5476-cvtres.write.1.tlog
F:\proj_vs2010\opencv_sample\Samples_\Samples\Debug\link.5672.read.1.tlog
F:\proj_vs2010\opencv_sample\Samples_\Samples\Debug\link.5672.write.1.tlog
F:\proj_vs2010\opencv_sample\Samples_\Samples\Debug\link.5672-cvtres.read.1.tlog
F:\proj_vs2010\opencv_sample\Samples_\Samples\Debug\link.5672-cvtres.write.1.tlog
F:\proj_vs2010\opencv_sample\Samples_\Samples\Debug\link.5780.read.1.tlog
F:\proj_vs2010\opencv_sample\Samples_\Samples\Debug\link.5780.write.1.tlog
F:\proj_vs2010\opencv_sample\Samples_\Samples\Debug\link.5780-cvtres.read.1.tlog
F:\proj_vs2010\opencv_sample\Samples_\Samples\Debug\link.5780-cvtres.write.1.tlog
F:\proj_vs2010\opencv_sample\Samples_\Samples\Debug\link.5788.read.1.tlog
F:\proj_vs2010\opencv_sample\Samples_\Samples\Debug\link.5788.write.1.tlog
F:\proj_vs2010\opencv_sample\Samples_\Samples\Debug\link.5788-cvtres.read.1.tlog
F:\proj_vs2010\opencv_sample\Samples_\Samples\Debug\link.5788-cvtres.write.1.tlog
F:\proj_vs2010\opencv_sample\Samples_\Samples\Debug\link.5824.read.1.tlog
F:\proj_vs2010\opencv_sample\Samples_\Samples\Debug\link.5824.write.1.tlog
F:\proj_vs2010\opencv_sample\Samples_\Samples\Debug\link.5824-cvtres.read.1.tlog
F:\proj_vs2010\opencv_sample\Samples_\Samples\Debug\link.5824-cvtres.write.1.tlog
F:\proj_vs2010\opencv_sample\Samples_\Samples\Debug\link.5984.read.1.tlog
F:\proj_vs2010\opencv_sample\Samples_\Samples\Debug\link.5984.write.1.tlog
F:\proj_vs2010\opencv_sample\Samples_\Samples\Debug\link.5984-cvtres.read.1.tlog
F:\proj_vs2010\opencv_sample\Samples_\Samples\Debug\link.5984-cvtres.write.1.tlog
F:\proj_vs2010\opencv_sample\Samples_\Samples\Debug\link.6068.read.1.tlog
F:\proj_vs2010\opencv_sample\Samples_\Samples\Debug\link.6068.write.1.tlog
F:\proj_vs2010\opencv_sample\Samples_\Samples\Debug\link.6068-cvtres.read.1.tlog
F:\proj_vs2010\opencv_sample\Samples_\Samples\Debug\link.6068-cvtres.write.1.tlog
F:\proj_vs2010\opencv_sample\Samples_\Samples\Debug\link.6232.read.1.tlog
F:\proj_vs2010\opencv_sample\Samples_\Samples\Debug\link.6232.write.1.tlog
F:\proj_vs2010\opencv_sample\Samples_\Samples\Debug\link.6232-cvtres.read.1.tlog
F:\proj_vs2010\opencv_sample\Samples_\Samples\Debug\link.6232-cvtres.write.1.tlog
F:\proj_vs2010\opencv_sample\Samples_\Samples\Debug\link.6804.read.1.tlog
F:\proj_vs2010\opencv_sample\Samples_\Samples\Debug\link.6804.write.1.tlog
F:\proj_vs2010\opencv_sample\Samples_\Samples\Debug\link.6804-cvtres.read.1.tlog
F:\proj_vs2010\opencv_sample\Samples_\Samples\Debug\link.6804-cvtres.write.1.tlog
F:\proj_vs2010\opencv_sample\Samples_\Samples\Debug\link.7828.read.1.tlog
F:\proj_vs2010\opencv_sample\Samples_\Samples\Debug\link.7828.write.1.tlog
F:\proj_vs2010\opencv_sample\Samples_\Samples\Debug\link.7828-cvtres.read.1.tlog
F:\proj_vs2010\opencv_sample\Samples_\Samples\Debug\link.7828-cvtres.write.1.tlog
F:\proj_vs2010\opencv_sample\Samples_\Samples\Debug\link.7844.read.1.tlog
F:\proj_vs2010\opencv_sample\Samples_\Samples\Debug\link.7844.write.1.tlog
F:\proj_vs2010\opencv_sample\Samples_\Samples\Debug\link.7844-cvtres.read.1.tlog
F:\proj_vs2010\opencv_sample\Samples_\Samples\Debug\link.7844-cvtres.write.1.tlog
F:\proj_vs2010\opencv_sample\Samples_\Samples\Debug\link.7888.read.1.tlog
F:\proj_vs2010\opencv_sample\Samples_\Samples\Debug\link.7888.write.1.tlog
F:\proj_vs2010\opencv_sample\Samples_\Samples\Debug\link.7888-cvtres.read.1.tlog
F:\proj_vs2010\opencv_sample\Samples_\Samples\Debug\link.7888-cvtres.write.1.tlog
F:\proj_vs2010\opencv_sample\Samples_\Samples\Debug\link.7952.read.1.tlog
F:\proj_vs2010\opencv_sample\Samples_\Samples\Debug\link.7952.write.1.tlog
F:\proj_vs2010\opencv_sample\Samples_\Samples\Debug\link.7952-cvtres.read.1.tlog
F:\proj_vs2010\opencv_sample\Samples_\Samples\Debug\link.7952-cvtres.write.1.tlog
F:\proj_vs2010\opencv_sample\Samples_\Samples\Debug\link.7972.read.1.tlog
F:\proj_vs2010\opencv_sample\Samples_\Samples\Debug\link.7972.write.1.tlog
F:\proj_vs2010\opencv_sample\Samples_\Samples\Debug\link.7972-cvtres.read.1.tlog
F:\proj_vs2010\opencv_sample\Samples_\Samples\Debug\link.7972-cvtres.write.1.tlog
F:\proj_vs2010\opencv_sample\Samples_\Samples\Debug\link.8068.read.1.tlog
F:\proj_vs2010\opencv_sample\Samples_\Samples\Debug\link.8068.write.1.tlog
F:\proj_vs2010\opencv_sample\Samples_\Samples\Debug\link.8068-cvtres.read.1.tlog
F:\proj_vs2010\opencv_sample\Samples_\Samples\Debug\link.8068-cvtres.write.1.tlog
F:\proj_vs2010\opencv_sample\Samples_\Samples\Debug\link.8076.read.1.tlog
F:\proj_vs2010\opencv_sample\Samples_\Samples\Debug\link.8076.write.1.tlog
F:\proj_vs2010\opencv_sample\Samples_\Samples\Debug\link.8076-cvtres.read.1.tlog
F:\proj_vs2010\opencv_sample\Samples_\Samples\Debug\link.8076-cvtres.write.1.tlog
F:\proj_vs2010\opencv_sample\Samples_\Samples\Debug\link.8136.read.1.tlog
F:\proj_vs2010\opencv_sample\Samples_\Samples\Debug\link.8136.write.1.tlog
F:\proj_vs2010\opencv_sample\Samples_\Samples\Debug\link.8136-cvtres.read.1.tlog
F:\proj_vs2010\opencv_sample\Samples_\Samples\Debug\link.8136-cvtres.write.1.tlog
F:\proj_vs2010\opencv_sample\Samples_\Samples\Debug\link.8312.read.1.tlog
F:\proj_vs2010\opencv_sample\Samples_\Samples\Debug\link.8312.write.1.tlog
F:\proj_vs2010\opencv_sample\Samples_\Samples\Debug\link.8312-cvtres.read.1.tlog
F:\proj_vs2010\opencv_sample\Samples_\Samples\Debug\link.8312-cvtres.write.1.tlog
F:\proj_vs2010\opencv_sample\Samples_\Samples\Debug\link.8628.read.1.tlog
F:\proj_vs2010\opencv_sample\Samples_\Samples\Debug\link.8628.write.1.tlog
F:\proj_vs2010\opencv_sample\Samples_\Samples\Debug\link.8628-cvtres.read.1.tlog
F:\proj_vs2010\opencv_sample\Samples_\Samples\Debug\link.8628-cvtres.write.1.tlog
F:\proj_vs2010\opencv_sample\Samples_\Samples\Debug\link.8688.read.1.tlog
F:\proj_vs2010\opencv_sample\Samples_\Samples\Debug\link.8688.write.1.tlog
F:\proj_vs2010\opencv_sample\Samples_\Samples\Debug\link.8688-cvtres.read.1.tlog
F:\proj_vs2010\opencv_sample\Samples_\Samples\Debug\link.8688-cvtres.write.1.tlog
F:\proj_vs2010\opencv_sample\Samples_\Samples\Debug\link.892.read.1.tlog
F:\proj_vs2010\opencv_sample\Samples_\Samples\Debug\link.892.write.1.tlog
F:\proj_vs2010\opencv_sample\Samples_\Samples\Debug\link.892-cvtres.read.1.tlog
F:\proj_vs2010\opencv_sample\Samples_\Samples\Debug\link.892-cvtres.write.1.tlog
F:\proj_vs2010\opencv_sample\Samples_\Samples\Debug\link.9196.read.1.tlog
F:\proj_vs2010\opencv_sample\Samples_\Samples\Debug\link.9196.write.1.tlog
F:\proj_vs2010\opencv_sample\Samples_\Samples\Debug\link.9196-cvtres.read.1.tlog
F:\proj_vs2010\opencv_sample\Samples_\Samples\Debug\link.9196-cvtres.write.1.tlog
F:\proj_vs2010\opencv_sample\Samples_\Samples\Debug\link.9560.read.1.tlog
F:\proj_vs2010\opencv_sample\Samples_\Samples\Debug\link.9560.write.1.tlog
F:\proj_vs2010\opencv_sample\Samples_\Samples\Debug\link.9560-cvtres.read.1.tlog
F:\proj_vs2010\opencv_sample\Samples_\Samples\Debug\link.9560-cvtres.write.1.tlog
F:\proj_vs2010\opencv_sample\Samples_\Samples\Debug\link.9724.read.1.tlog
F:\proj_vs2010\opencv_sample\Samples_\Samples\Debug\link.9724.write.1.tlog
F:\proj_vs2010\opencv_sample\Samples_\Samples\Debug\link.9724-cvtres.read.1.tlog
F:\proj_vs2010\opencv_sample\Samples_\Samples\Debug\link.9724-cvtres.write.1.tlog
F:\proj_vs2010\opencv_sample\Samples_\Samples\Debug\link.9820.read.1.tlog
F:\proj_vs2010\opencv_sample\Samples_\Samples\Debug\link.9820.write.1.tlog
F:\proj_vs2010\opencv_sample\Samples_\Samples\Debug\link.9820-cvtres.read.1.tlog
F:\proj_vs2010\opencv_sample\Samples_\Samples\Debug\link.9820-cvtres.write.1.tlog
F:\proj_vs2010\opencv_sample\Samples_\Samples\Debug\link.9960.read.1.tlog
F:\proj_vs2010\opencv_sample\Samples_\Samples\Debug\link.9960.write.1.tlog
F:\proj_vs2010\opencv_sample\Samples_\Samples\Debug\link.9960-cvtres.read.1.tlog
F:\proj_vs2010\opencv_sample\Samples_\Samples\Debug\link.9960-cvtres.write.1.tlog
F:\proj_vs2010\opencv_sample\Samples_\Samples\Debug\link.command.1.tlog
F:\proj_vs2010\opencv_sample\Samples_\Samples\Debug\link.read.1.tlog
F:\proj_vs2010\opencv_sample\Samples_\Samples\Debug\link.write.1.tlog
F:\proj_vs2010\opencv_sample\Samples_\Samples\Debug\link-cvtres.read.1.tlog
F:\proj_vs2010\opencv_sample\Samples_\Samples\Debug\link-cvtres.write.1.tlog
F:\PROJ_VS2010\OPENCV_SAMPLE\SAMPLES_\SAMPLES\DEBUG\MAIN.OBJ
F:\PROJ_VS2010\OPENCV_SAMPLE\SAMPLES_\SAMPLES\DEBUG\MARKER.OBJ
F:\PROJ_VS2010\OPENCV_SAMPLE\SAMPLES_\SAMPLES\DEBUG\MARKERDETECTOR.OBJ
F:\proj_vs2010\opencv_sample\Samples_\Samples\Debug\mt.command.1.tlog
F:\proj_vs2010\opencv_sample\Samples_\Samples\Debug\mt.read.1.tlog
F:\proj_vs2010\opencv_sample\Samples_\Samples\Debug\mt.write.1.tlog
F:\proj_vs2010\opencv_sample\Samples_\Samples\Debug\rc.command.1.tlog
F:\proj_vs2010\opencv_sample\Samples_\Samples\Debug\rc.read.1.tlog
F:\proj_vs2010\opencv_sample\Samples_\Samples\Debug\rc.write.1.tlog
F:\proj_vs2010\opencv_sample\Samples_\Samples\Debug\Samples.exe.embed.manifest
F:\PROJ_VS2010\OPENCV_SAMPLE\SAMPLES_\SAMPLES\DEBUG\SAMPLES.EXE.EMBED.MANIFEST.RES
F:\PROJ_VS2010\OPENCV_SAMPLE\SAMPLES_\SAMPLES\DEBUG\SAMPLES.EXE.INTERMEDIATE.MANIFEST
F:\proj_vs2010\opencv_sample\Samples_\Samples\Debug\Samples_manifest.rc
F:\proj_vs2010\opencv_sample\Samples_\Samples\Debug\vc100.idb
F:\PROJ_VS2010\OPENCV_SAMPLE\SAMPLES_\SAMPLES\DEBUG\VC100.PDB
F:\VISUAL STUDIO 2010\OPENCV_SAMPLE\SAMPLES_\DEBUG\SAMPLES.EXE
F:\VISUAL STUDIO 2010\OPENCV_SAMPLE\SAMPLES_\DEBUG\SAMPLES.ILK
F:\VISUAL STUDIO 2010\OPENCV_SAMPLE\SAMPLES_\DEBUG\SAMPLES.PDB
F:\VISUAL STUDIO 2010\OPENCV_SAMPLE\SAMPLES_\SAMPLES\DEBUG\MAIN.OBJ
F:\VISUAL STUDIO 2010\OPENCV_SAMPLE\SAMPLES_\SAMPLES\DEBUG\SAMPLES.EXE.EMBED.MANIFEST
F:\VISUAL STUDIO 2010\OPENCV_SAMPLE\SAMPLES_\SAMPLES\DEBUG\SAMPLES.EXE.EMBED.MANIFEST.RES
F:\VISUAL STUDIO 2010\OPENCV_SAMPLE\SAMPLES_\SAMPLES\DEBUG\SAMPLES.EXE.INTERMEDIATE.MANIFEST
F:\VISUAL STUDIO 2010\OPENCV_SAMPLE\SAMPLES_\SAMPLES\DEBUG\VC100.PDB
