Jan  1 00:00:52 linaro-ubuntu-desktop login[1540]: pam_unix(login:account): account root has password changed in future
Jan  1 00:00:53 linaro-ubuntu-desktop login[1642]: pam_unix(login:account): account root has password changed in future
Jan  1 00:00:56 linaro-ubuntu-desktop login[1540]: pam_unix(login:session): session opened for user root by LOGIN(uid=0)
Jan  1 00:00:56 linaro-ubuntu-desktop login[1642]: pam_unix(login:session): session opened for user root by (uid=0)
Jan  1 00:00:56 linaro-ubuntu-desktop login[1987]: ROOT LOGIN  on '/dev/ttyPS0'
Jan  1 00:00:56 linaro-ubuntu-desktop login[2002]: ROOT LOGIN  on '/dev/tty1'
Jan  1 00:01:29 linaro-ubuntu-desktop lightdm: pam_unix(lightdm-autologin:account): account linaro has password changed in future
Jan  1 00:01:30 linaro-ubuntu-desktop lightdm: pam_unix(lightdm-autologin:session): session opened for user linaro by (uid=0)
Jan  1 00:01:30 linaro-ubuntu-desktop lightdm: pam_ck_connector(lightdm-autologin:session): nox11 mode, ignoring PAM_TTY :0
Jan  1 00:01:45 linaro-ubuntu-desktop polkitd(authority=local): Registered Authentication Agent for unix-session:/org/freedesktop/ConsoleKit/Session3 (system bus name :1.42 [/usr/lib/policykit-1-gnome/polkit-gnome-authentication-agent-1], object path /org/gnome/PolicyKit1/AuthenticationAgent, locale C.UTF-8)
Jan  1 00:01:53 linaro-ubuntu-desktop dbus[825]: [system] Rejected send message, 2 matched rules; type="method_call", sender=":1.49" (uid=1000 pid=2308 comm="/usr/lib/indicator-datetime/indicator-datetime-ser") interface="org.freedesktop.DBus.Properties" member="GetAll" error name="(unset)" requested_reply="0" destination=":1.24" (uid=0 pid=1905 comm="/usr/sbin/console-kit-daemon --no-daemon ")
Jan  1 00:02:13 linaro-ubuntu-desktop sudo:   linaro : TTY=pts/0 ; PWD=/home/linaro ; USER=root ; COMMAND=/bin/bash
Jan  1 00:02:13 linaro-ubuntu-desktop sudo: pam_unix(sudo:session): session opened for user root by linaro(uid=1000)
Jan  1 00:00:55 linaro-ubuntu-desktop login[1505]: pam_unix(login:account): account root has password changed in future
Jan  1 00:00:56 linaro-ubuntu-desktop login[1621]: pam_unix(login:account): account root has password changed in future
Jan  1 00:00:57 linaro-ubuntu-desktop login[1505]: pam_unix(login:session): session opened for user root by LOGIN(uid=0)
Jan  1 00:00:57 linaro-ubuntu-desktop login[1850]: ROOT LOGIN  on '/dev/ttyPS0'
Jan  1 00:00:57 linaro-ubuntu-desktop login[1621]: pam_unix(login:session): session opened for user root by (uid=0)
Jan  1 00:00:58 linaro-ubuntu-desktop login[1897]: ROOT LOGIN  on '/dev/tty1'
Jan  1 00:01:26 linaro-ubuntu-desktop lightdm: pam_unix(lightdm-autologin:account): account linaro has password changed in future
Jan  1 00:01:26 linaro-ubuntu-desktop lightdm: pam_unix(lightdm-autologin:session): session opened for user linaro by (uid=0)
Jan  1 00:01:26 linaro-ubuntu-desktop lightdm: pam_ck_connector(lightdm-autologin:session): nox11 mode, ignoring PAM_TTY :0
Jan  1 00:01:37 linaro-ubuntu-desktop polkitd(authority=local): Registered Authentication Agent for unix-session:/org/freedesktop/ConsoleKit/Session3 (system bus name :1.52 [/usr/lib/policykit-1-gnome/polkit-gnome-authentication-agent-1], object path /org/gnome/PolicyKit1/AuthenticationAgent, locale C.UTF-8)
Jan  1 00:01:44 linaro-ubuntu-desktop dbus[928]: [system] Rejected send message, 2 matched rules; type="method_call", sender=":1.60" (uid=1000 pid=2454 comm="/usr/lib/indicator-datetime/indicator-datetime-ser") interface="org.freedesktop.DBus.Properties" member="GetAll" error name="(unset)" requested_reply="0" destination=":1.20" (uid=0 pid=1724 comm="/usr/sbin/console-kit-daemon --no-daemon ")
Jan  1 00:02:06 linaro-ubuntu-desktop sudo:   linaro : TTY=pts/1 ; PWD=/home/linaro ; USER=root ; COMMAND=/bin/bash
Jan  1 00:02:06 linaro-ubuntu-desktop sudo: pam_unix(sudo:session): session opened for user root by linaro(uid=1000)
Oct  8 05:17:01 linaro-ubuntu-desktop CRON[2765]: pam_unix(cron:session): session opened for user root by (uid=0)
Oct  8 05:17:01 linaro-ubuntu-desktop CRON[2765]: pam_unix(cron:session): session closed for user root
Jan  1 00:00:52 linaro-ubuntu-desktop login[1469]: pam_unix(login:account): account root has password changed in future
Jan  1 00:00:53 linaro-ubuntu-desktop login[1589]: pam_unix(login:account): account root has password changed in future
Jan  1 00:00:53 linaro-ubuntu-desktop login[1469]: pam_unix(login:session): session opened for user root by LOGIN(uid=0)
Jan  1 00:00:54 linaro-ubuntu-desktop login[1810]: ROOT LOGIN  on '/dev/ttyPS0'
Jan  1 00:00:54 linaro-ubuntu-desktop login[1589]: pam_unix(login:session): session opened for user root by (uid=0)
Jan  1 00:00:54 linaro-ubuntu-desktop login[1880]: ROOT LOGIN  on '/dev/tty1'
Oct  8 05:40:57 linaro-ubuntu-desktop lightdm: pam_unix(lightdm-autologin:session): session opened for user linaro by (uid=0)
Oct  8 05:40:57 linaro-ubuntu-desktop lightdm: pam_ck_connector(lightdm-autologin:session): nox11 mode, ignoring PAM_TTY :0
Oct  8 05:41:08 linaro-ubuntu-desktop polkitd(authority=local): Registered Authentication Agent for unix-session:/org/freedesktop/ConsoleKit/Session3 (system bus name :1.48 [/usr/lib/policykit-1-gnome/polkit-gnome-authentication-agent-1], object path /org/gnome/PolicyKit1/AuthenticationAgent, locale C.UTF-8)
Oct  8 05:41:15 linaro-ubuntu-desktop dbus[839]: [system] Rejected send message, 2 matched rules; type="method_call", sender=":1.52" (uid=1000 pid=2287 comm="/usr/lib/indicator-datetime/indicator-datetime-ser") interface="org.freedesktop.DBus.Properties" member="GetAll" error name="(unset)" requested_reply="0" destination=":1.19" (uid=0 pid=1682 comm="/usr/sbin/console-kit-daemon --no-daemon ")
Oct  8 05:41:17 linaro-ubuntu-desktop dbus[839]: [system] Rejected send message, 2 matched rules; type="method_call", sender=":1.56" (uid=1000 pid=2330 comm="/usr/lib/indicator-datetime/indicator-datetime-ser") interface="org.freedesktop.DBus.Properties" member="GetAll" error name="(unset)" requested_reply="0" destination=":1.19" (uid=0 pid=1682 comm="/usr/sbin/console-kit-daemon --no-daemon ")
