modprobe: FATAL: Could not load /lib/modules/3.6.0-digilent-13.01-g06b3889/modules.dep: No such file or directory

 * Starting mDNS/DNS-SD daemon[74G[ OK ]
 * Starting bluetooth daemon[74G[ OK ]
 * Starting configure network device security[74G[ OK ]
 * Starting configure network device[74G[ OK ]
 * Starting CUPS printing spooler/server[74G[ OK ]
 * Stopping cold plug devices[74G[ OK ]
 * Stopping log initial device creation[74G[ OK ]
 * Starting bluetooth daemon[74G[ OK ]
 * Starting load fallback graphics devices[74G[ OK ]
 * Starting configure network device security[74G[ OK ]
 * Starting load fallback graphics devices[74G[[31mfail[39;49m]
 * Starting configure virtual network devices[74G[ OK ]
 * Starting save udev log and update rules[74G[ OK ]
 * Stopping save udev log and update rules[74G[ OK ]
 * Starting Userspace bootsplash[74G[ OK ]
 * Starting configure network device security[74G[ OK ]
 * Starting configure network device[74G[ OK ]
 * Starting Mount network filesystems[74G[ OK ]
 * Starting Failsafe Boot Delay[74G[ OK ]
 * Stopping Failsafe Boot Delay[74G[ OK ]
 * Stopping configure virtual network devices[74G[ OK ]
 * Starting System V initialisation compatibility[74G[ OK ]
 * Starting modem connection manager[74G[ OK ]
 * Starting configure network device security[74G[ OK ]
 * Stopping Mount network filesystems[74G[ OK ]
 * Starting bluetooth daemon[74G[ OK ]
 * Starting network connection manager[74G[ OK ]
 * Starting Bridge socket events into upstart[74G[ OK ]
speech-dispatcher disabled; edit /etc/default/speech-dispatcher
saned disabled; edit /etc/default/saned
 * Stopping System V initialisation compatibility[74G[ OK ]
 * Starting System V runlevel compatibility[74G[ OK ]
 * Starting automatic crash report generation[74G[ OK ]
 * Starting LightDM Display Manager[74G[ OK ]
 * Starting anac(h)ronistic cron[74G[ OK ]
 * Starting save kernel messages[74G[ OK ]
 * Starting regular background program processing daemon[74G[ OK ]
 * Stopping anac(h)ronistic cron[74G[ OK ]
 * Stopping System PulseAudio sound server[74G[ OK ]
 * Stopping System V runlevel compatibility[74G[ OK ]
 * Starting bluetooth daemon[74G[ OK ]
 * Starting crash report submission daemon[74G[ OK ]
 * Stopping save kernel messages[74G[ OK ]
 * Starting bluetooth daemon[74G[ OK ]
 * Starting bluetooth daemon[74G[ OK ]
 * Starting bluetooth daemon[74G[ OK ]
 * Starting bluetooth daemon[74G[ OK ]
 * Starting bluetooth daemon[74G[ OK ]
 * Starting configure network device security[74G[ OK ]
 * Starting configure network device[74G[ OK ]
 * Starting bluetooth daemon[74G[ OK ]
 * Starting bluetooth daemon[74G[[31mfail[39;49m]
 * Stopping bluetooth daemon[74G[ OK ]
 * Stopping Userspace bootsplash[74G[ OK ]
